<?xml version="1.0" encoding="UTF-8"?>
<testsuite xmlns:xsi="http://www.w3.org/2001/XMLSchema-instance" xsi:noNamespaceSchemaLocation="https://maven.apache.org/surefire/maven-surefire-plugin/xsd/surefire-test-report-3.0.xsd" version="3.0" name="pl.polsl.zagorski.model.ModelTest" time="0.102" tests="10" errors="0" skipped="0" failures="0">
  <properties>
[...]
</properties>
  <testcase name="testAnswerBuilder(double, double, double, double, String)[1]" classname="pl.polsl.zagorski.model.ModelTest" time="0.036"/>
  <testcase name="testAnswerBuilder(double, double, double, double, String)[2]" classname="pl.polsl.zagorski.model.ModelTest" time="0.001"/>
  <testcase name="testAnswerBuilder(double, double, double, double, String)[3]" classname="pl.polsl.zagorski.model.ModelTest" time="0.001"/>
  <testcase name="testCalculateDerivative(List, List)[1]" classname="pl.polsl.zagorski.model.ModelTest" time="0"/>
  <testcase name="testCalculateDerivative(List, List)[2]" classname="pl.polsl.zagorski.model.ModelTest" time="0.001"/>
  <testcase name="testCalculateDerivative(List, List)[3]" classname="pl.polsl.zagorski.model.ModelTest" time="0.001"/>
  <testcase name="testCalculateDerivative(List, List)[4]" classname="pl.polsl.zagorski.model.ModelTest" time="0"/>
  <testcase name="testCalculateDerivative(List, List)[5]" classname="pl.polsl.zagorski.model.ModelTest" time="0"/>
  <testcase name="testCalculateDerivative(List, List)[6]" classname="pl.polsl.zagorski.model.ModelTest" time="0"/>
  <testcase name="testCalculateDerivative(List, List)[7]" classname="pl.polsl.zagorski.model.ModelTest" time="0.001"/>
</testsuite>